  getinfo.cpp
  headbar.cpp
C:\Program Files\Microsoft Visual Studio\2022\Community\VC\Tools\MSVC\14.41.34120\include\filesystem(12): warning STL4038: The contents of <filesystem> are available only with C++17 or later.
C:\Users\K754a\source\repos\Project2\Project2\headbar.cpp(121,58): warning C4244: 'argument': conversion from 'int' to 'float', possible loss of data
C:\Users\K754a\source\repos\Project2\Project2\headbar.cpp(121,51): warning C4244: 'argument': conversion from 'int' to 'float', possible loss of data
C:\Users\K754a\source\repos\Project2\Project2\headbar.cpp(565,24): warning C4267: 'initializing': conversion from 'size_t' to 'int', possible loss of data
C:\Users\K754a\source\repos\Project2\Project2\headbar.cpp(625,23): warning C4244: 'initializing': conversion from '__int64' to 'int', possible loss of data
C:\Users\K754a\source\repos\Project2\Project2\headbar.cpp(798,36): warning C4267: 'initializing': conversion from 'size_t' to 'int', possible loss of data
  imgui.cpp
  imgui_demo.cpp
  imgui_draw.cpp
  imgui_impl_glfw.cpp
  imgui_impl_opengl3.cpp
  imgui_tables.cpp
  imgui_widgets.cpp
  Main.cpp
C:\Program Files\Microsoft Visual Studio\2022\Community\VC\Tools\MSVC\14.41.34120\include\filesystem(12): warning STL4038: The contents of <filesystem> are available only with C++17 or later.
C:\Users\K754a\source\repos\Project2\Project2\LuaFunct.h(33,13): warning C4244: 'initializing': conversion from 'lua_Number' to 'float', possible loss of data
  (compiling source file 'Main.cpp')
  
C:\Users\K754a\source\repos\Project2\Project2\LuaFunct.h(36,13): warning C4244: 'initializing': conversion from 'lua_Number' to 'float', possible loss of data
  (compiling source file 'Main.cpp')
  
C:\Users\K754a\source\repos\Project2\Project2\LuaFunct.h(39,13): warning C4244: 'initializing': conversion from 'lua_Number' to 'float', possible loss of data
  (compiling source file 'Main.cpp')
  
C:\Users\K754a\source\repos\Project2\Project2\LuaFunct.h(42,13): warning C4244: 'initializing': conversion from 'lua_Number' to 'float', possible loss of data
  (compiling source file 'Main.cpp')
  
C:\Users\K754a\source\repos\Project2\Project2\LuaFunct.h(59,13): warning C4244: 'initializing': conversion from 'lua_Number' to 'float', possible loss of data
  (compiling source file 'Main.cpp')
  
C:\Users\K754a\source\repos\Project2\Project2\LuaFunct.h(62,13): warning C4244: 'initializing': conversion from 'lua_Number' to 'float', possible loss of data
  (compiling source file 'Main.cpp')
  
C:\Users\K754a\source\repos\Project2\Project2\LuaFunct.h(99,29): warning C4244: '=': conversion from 'lua_Number' to 'float', possible loss of data
  (compiling source file 'Main.cpp')
  
C:\Users\K754a\source\repos\Project2\Project2\LuaFunct.h(107,31): warning C4244: '=': conversion from 'lua_Number' to 'float', possible loss of data
  (compiling source file 'Main.cpp')
  
C:\Users\K754a\source\repos\Project2\Project2\LuaFunct.h(111,28): warning C4244: '=': conversion from 'lua_Number' to 'float', possible loss of data
  (compiling source file 'Main.cpp')
  
  Settings.cpp
  Systemstat.cpp
  Terminal.cpp
  Generating Code...
  glad.c
  Project2.vcxproj -> C:\Users\K754a\source\repos\Project2\x64\Debug\Project2.exe
