c:\users\k754a\source\repos\project2\project2\x64\debug\vc143.pdb
c:\users\k754a\source\repos\project2\project2\x64\debug\vc143.idb
c:\users\k754a\source\repos\project2\project2\x64\debug\terminal.obj
c:\users\k754a\source\repos\project2\project2\x64\debug\systemstat.obj
c:\users\k754a\source\repos\project2\project2\x64\debug\settings.obj
c:\users\k754a\source\repos\project2\project2\x64\debug\main.obj
c:\users\k754a\source\repos\project2\project2\x64\debug\imgui_widgets.obj
c:\users\k754a\source\repos\project2\project2\x64\debug\imgui_tables.obj
c:\users\k754a\source\repos\project2\project2\x64\debug\imgui_impl_opengl3.obj
c:\users\k754a\source\repos\project2\project2\x64\debug\imgui_impl_glfw.obj
c:\users\k754a\source\repos\project2\project2\x64\debug\imgui_draw.obj
c:\users\k754a\source\repos\project2\project2\x64\debug\imgui_demo.obj
c:\users\k754a\source\repos\project2\project2\x64\debug\imgui.obj
c:\users\k754a\source\repos\project2\project2\x64\debug\headbar.obj
c:\users\k754a\source\repos\project2\project2\x64\debug\getinfo.obj
c:\users\k754a\source\repos\project2\project2\x64\debug\glad.obj
c:\users\k754a\source\repos\project2\project2\x64\debug\project2.res
c:\users\k754a\source\repos\project2\x64\debug\project2.exe
c:\users\k754a\source\repos\project2\project2\x64\debug\project2.tlog\cl.command.1.tlog
c:\users\k754a\source\repos\project2\project2\x64\debug\project2.tlog\cl.read.1.tlog
c:\users\k754a\source\repos\project2\project2\x64\debug\project2.tlog\cl.write.1.tlog
c:\users\k754a\source\repos\project2\project2\x64\debug\project2.tlog\link.command.1.tlog
c:\users\k754a\source\repos\project2\project2\x64\debug\project2.tlog\link.read.1.tlog
c:\users\k754a\source\repos\project2\project2\x64\debug\project2.tlog\link.write.1.tlog
c:\users\k754a\source\repos\project2\project2\x64\debug\project2.tlog\rc.command.1.tlog
c:\users\k754a\source\repos\project2\project2\x64\debug\project2.tlog\rc.read.1.tlog
c:\users\k754a\source\repos\project2\project2\x64\debug\project2.tlog\rc.write.1.tlog
